
  .   ____          _            __ _ _
 /\\ / ___'_ __ _ _(_)_ __  __ _ \ \ \ \
( ( )\___ | '_ | '_| | '_ \/ _` | \ \ \ \
 \\/  ___)| |_)| | | | | || (_| |  ) ) ) )
  '  |____| .__|_| |_|_| |_\__, | / / / /
 =========|_|==============|___/=/_/_/_/
 :: Spring Boot ::                (v2.6.7)

2022-09-24 11:21:48.135  INFO 9107 --- [           main] com.example.admin.MyAppApplication       : Starting MyAppApplication using Java 11.0.15 on nakanonoMacBook-Air.local with PID 9107 (/Users/nakano/Documents/admin/build/libs/myapp_api-0.0.1-SNAPSHOT.jar started by root in /Users/nakano/Documents/admin)
2022-09-24 11:21:48.137  INFO 9107 --- [           main] com.example.admin.MyAppApplication       : No active profile set, falling back to 1 default profile: "default"
2022-09-24 11:21:48.547  INFO 9107 --- [           main] .s.d.r.c.RepositoryConfigurationDelegate : Bootstrapping Spring Data JPA repositories in DEFAULT mode.
2022-09-24 11:21:48.588  INFO 9107 --- [           main] .s.d.r.c.RepositoryConfigurationDelegate : Finished Spring Data repository scanning in 34 ms. Found 4 JPA repository interfaces.
2022-09-24 11:21:48.955  INFO 9107 --- [           main] o.s.b.w.embedded.tomcat.TomcatWebServer  : Tomcat initialized with port(s): 8080 (http)
2022-09-24 11:21:48.961  INFO 9107 --- [           main] o.apache.catalina.core.StandardService   : Starting service [Tomcat]
2022-09-24 11:21:48.961  INFO 9107 --- [           main] org.apache.catalina.core.StandardEngine  : Starting Servlet engine: [Apache Tomcat/9.0.62]
2022-09-24 11:21:49.005  INFO 9107 --- [           main] o.a.c.c.C.[Tomcat].[localhost].[/]       : Initializing Spring embedded WebApplicationContext
2022-09-24 11:21:49.005  INFO 9107 --- [           main] w.s.c.ServletWebServerApplicationContext : Root WebApplicationContext: initialization completed in 842 ms
Loading class `com.mysql.jdbc.Driver'. This is deprecated. The new driver class is `com.mysql.cj.jdbc.Driver'. The driver is automatically registered via the SPI and manual loading of the driver class is generally unnecessary.
2022-09-24 11:21:49.085  INFO 9107 --- [           main] com.zaxxer.hikari.HikariDataSource       : HikariPool-1 - Starting...
2022-09-24 11:21:49.087  WARN 9107 --- [           main] com.zaxxer.hikari.util.DriverDataSource  : Registered driver with driverClassName=com.mysql.jdbc.Driver was not found, trying direct instantiation.
2022-09-24 11:21:49.341  INFO 9107 --- [           main] com.zaxxer.hikari.HikariDataSource       : HikariPool-1 - Start completed.
2022-09-24 11:21:49.371  INFO 9107 --- [           main] o.hibernate.jpa.internal.util.LogHelper  : HHH000204: Processing PersistenceUnitInfo [name: default]
2022-09-24 11:21:49.395  INFO 9107 --- [           main] org.hibernate.Version                    : HHH000412: Hibernate ORM core version 5.6.8.Final
2022-09-24 11:21:49.480  INFO 9107 --- [           main] o.hibernate.annotations.common.Version   : HCANN000001: Hibernate Commons Annotations {5.1.2.Final}
2022-09-24 11:21:49.562  INFO 9107 --- [           main] org.hibernate.dialect.Dialect            : HHH000400: Using dialect: org.hibernate.dialect.MySQL8Dialect
2022-09-24 11:21:50.004  INFO 9107 --- [           main] o.h.e.t.j.p.i.JtaPlatformInitiator       : HHH000490: Using JtaPlatform implementation: [org.hibernate.engine.transaction.jta.platform.internal.NoJtaPlatform]
2022-09-24 11:21:50.008  INFO 9107 --- [           main] j.LocalContainerEntityManagerFactoryBean : Initialized JPA EntityManagerFactory for persistence unit 'default'
2022-09-24 11:21:50.303  WARN 9107 --- [           main] JpaBaseConfiguration$JpaWebConfiguration : spring.jpa.open-in-view is enabled by default. Therefore, database queries may be performed during view rendering. Explicitly configure spring.jpa.open-in-view to disable this warning
2022-09-24 11:21:50.795  INFO 9107 --- [           main] o.s.s.web.DefaultSecurityFilterChain     : Will secure any request with [org.springframework.security.web.context.request.async.WebAsyncManagerIntegrationFilter@5b39a3e6, org.springframework.security.web.context.SecurityContextPersistenceFilter@49fb0bbd, org.springframework.security.web.header.HeaderWriterFilter@1526f71, org.springframework.web.filter.CorsFilter@5820070c, org.springframework.security.web.authentication.logout.LogoutFilter@252744a1, com.example.admin.security.MyAuthenticationFilter@34208baa, com.example.admin.security.MyAuthorizationFilter@71370fec, org.springframework.security.web.savedrequest.RequestCacheAwareFilter@4faf104, org.springframework.security.web.servletapi.SecurityContextHolderAwareRequestFilter@51bddd98, org.springframework.security.web.authentication.AnonymousAuthenticationFilter@6707a4bf, org.springframework.security.web.session.SessionManagementFilter@9ab310b, org.springframework.security.web.access.ExceptionTranslationFilter@9c93d16, org.springframework.security.web.access.intercept.FilterSecurityInterceptor@5df63359]
2022-09-24 11:21:50.837  INFO 9107 --- [           main] o.s.b.w.embedded.tomcat.TomcatWebServer  : Tomcat started on port(s): 8080 (http) with context path ''
2022-09-24 11:21:50.843  INFO 9107 --- [           main] com.example.admin.MyAppApplication       : Started MyAppApplication in 8.008 seconds (JVM running for 8.268)
2022-09-24 11:21:51.539  INFO 9107 --- [nio-8080-exec-2] o.a.c.c.C.[Tomcat].[localhost].[/]       : Initializing Spring DispatcherServlet 'dispatcherServlet'
2022-09-24 11:21:51.539  INFO 9107 --- [nio-8080-exec-2] o.s.web.servlet.DispatcherServlet        : Initializing Servlet 'dispatcherServlet'
2022-09-24 11:21:51.540  INFO 9107 --- [nio-8080-exec-2] o.s.web.servlet.DispatcherServlet        : Completed initialization in 1 ms
2022-09-24 11:22:10.169  INFO 9107 --- [ionShutdownHook] j.LocalContainerEntityManagerFactoryBean : Closing JPA EntityManagerFactory for persistence unit 'default'
2022-09-24 11:22:10.171  INFO 9107 --- [ionShutdownHook] com.zaxxer.hikari.HikariDataSource       : HikariPool-1 - Shutdown initiated...
2022-09-24 11:22:10.193  INFO 9107 --- [ionShutdownHook] com.zaxxer.hikari.HikariDataSource       : HikariPool-1 - Shutdown completed.
